\BOOKMARK [1][-]{section.1}{"458 AtomicData/get\137gvalue\1373.1.pro}{}% 1
\BOOKMARK [1][-]{section.2}{"458Data/SystemConstants\1372.0.pro}{}% 2
\BOOKMARK [1][-]{section.3}{"458Display/determine\137image\137rotation\1374.0.pro}{}% 3
\BOOKMARK [1][-]{section.4}{Display/display\137hull.pro}{}% 4
\BOOKMARK [1][-]{section.5}{Display/display\137model\137image\1374.0.pro}{}% 5
\BOOKMARK [1][-]{section.6}{Display/emission\137measure\1372.0.pro}{}% 6
\BOOKMARK [1][-]{section.7}{Display/model\137view.pro}{}% 7
\BOOKMARK [1][-]{section.8}{Display/produce\137density\1374.1.pro}{}% 8
\BOOKMARK [1][-]{section.9}{Display/produce\137image\1374.0.pro}{}% 9
\BOOKMARK [1][-]{section.10}{Display/produce\137los\1374.12.pro}{}% 10
\BOOKMARK [1][-]{section.11}{Display/produce\137results\1374.1.pro}{}% 11
\BOOKMARK [1][-]{section.12}{Display/produce\137voronoi\137image\1374.3.pro}{}% 12
\BOOKMARK [1][-]{section.13}{Display/quick\137look.pro}{}% 13
\BOOKMARK [1][-]{section.14}{Display/read\137resultformat\1374.2.pro}{}% 14
\BOOKMARK [1][-]{section.15}{Display/results\137common\1374.0.pro}{}% 15
\BOOKMARK [1][-]{section.16}{Display/results\137density\1374.5.pro}{}% 16
\BOOKMARK [1][-]{section.17}{Display/results\137functions\1374.0.pro}{}% 17
\BOOKMARK [1][-]{section.18}{Display/results\137kd\137tree\1374.3.pro}{}% 18
\BOOKMARK [1][-]{section.19}{Display/results\137packet\137weighting\1374.0.pro}{}% 19
\BOOKMARK [1][-]{section.20}{Display/results\137voronoi\1374.2.pro}{}% 20
\BOOKMARK [1][-]{section.21}{"458Forces/accel\1373.1.pro}{}% 21
\BOOKMARK [1][-]{section.22}{"458Forces/gravity\1373.1.pro}{}% 22
\BOOKMARK [1][-]{section.23}{Forces/lorentz\1372.0.pro}{}% 23
\BOOKMARK [1][-]{section.24}{"458Forces/radiation\137pressure\1373.1.pro}{}% 24
\BOOKMARK [1][-]{section.25}{Integrator/driver\1373.2.pro}{}% 25
\BOOKMARK [1][-]{section.26}{Integrator/rk5\1373.3.pro}{}% 26
\BOOKMARK [1][-]{section.27}{Lifetimes/JupiterPlasma\1373.1.pro}{}% 27
\BOOKMARK [1][-]{section.28}{Lifetimes/SaturnPlasma\1372.0.pro}{}% 28
\BOOKMARK [1][-]{section.29}{Lifetimes/ionization\137rate\1373.3.pro}{}% 29
\BOOKMARK [1][-]{section.30}{Lifetimes/lifetime\137setup\1373.2.pro}{}% 30
\BOOKMARK [1][-]{section.31}{Lifetimes/load\137plasma\1372.1.pro}{}% 31
\BOOKMARK [1][-]{section.32}{Lifetimes/xyz\137to\137magcoord\1373.1.pro}{}% 32
\BOOKMARK [1][-]{section.33}{ModelIO/BennaPrecipitationFilename\1371.0.pro}{}% 33
\BOOKMARK [1][-]{section.34}{"458ModelIO/MercuryModelEndTime\1371.0.pro}{}% 34
\BOOKMARK [1][-]{section.35}{ModelIO/combine\137iterations\1373.2.pro}{}% 35
\BOOKMARK [1][-]{section.36}{ModelIO/compare\137inputs\1373.0.pro}{}% 36
\BOOKMARK [1][-]{section.37}{ModelIO/extract\137distribution\1373.3.pro}{}% 37
\BOOKMARK [1][-]{section.38}{ModelIO/extract\137parameter\1373.0.pro}{}% 38
\BOOKMARK [1][-]{section.39}{ModelIO/inputs\137restore\1373.3.pro}{}% 39
\BOOKMARK [1][-]{section.40}{ModelIO/make\137generic\137input\1373.1.pro}{}% 40
\BOOKMARK [1][-]{section.41}{ModelIO/make\137model\137header\1373.2.pro}{}% 41
\BOOKMARK [1][-]{section.42}{ModelIO/modeloutput\137search\1373.5.pro}{}% 42
\BOOKMARK [1][-]{section.43}{ModelIO/output\137filename\1373.5.pro}{}% 43
\BOOKMARK [1][-]{section.44}{"458ModelIO/print\137inputs\1373.1.pro}{}% 44
\BOOKMARK [1][-]{section.45}{SourceDistributions/PSD\137distribution\1371.1.pro}{}% 45
\BOOKMARK [1][-]{section.46}{SourceDistributions/SO2exosphere\137distribution\1373.2.pro}{}% 46
\BOOKMARK [1][-]{section.47}{SourceDistributions/SourceFlux\1371.0.pro}{}% 47
\BOOKMARK [1][-]{section.48}{SourceDistributions/SourceRate\1371.0.pro}{}% 48
\BOOKMARK [1][-]{section.49}{SourceDistributions/add\137perturbation\1372.2.pro}{}% 49
\BOOKMARK [1][-]{section.50}{SourceDistributions/angular\137distribution\1373.1.pro}{}% 50
\BOOKMARK [1][-]{section.51}{SourceDistributions/charge\137exchange\137perturbation\1372.0.pro}{}% 51
\BOOKMARK [1][-]{section.52}{SourceDistributions/exosphere\137distribution\1373.0.pro}{}% 52
\BOOKMARK [1][-]{section.53}{SourceDistributions/show\137veldist\1371.0.pro}{}% 53
\BOOKMARK [1][-]{section.54}{"458SourceDistributions/source\137distribution\1373.3.pro}{}% 54
\BOOKMARK [1][-]{section.55}{SourceDistributions/speed\137distribution\1373.3.pro}{}% 55
\BOOKMARK [1][-]{section.56}{SourceDistributions/speed\137dists\1372.1.pro}{}% 56
\BOOKMARK [1][-]{section.57}{SourceDistributions/surface\137distribution\1373.2.pro}{}% 57
\BOOKMARK [1][-]{section.58}{SourceDistributions/surface\137temperature\1373.0.pro}{}% 58
\BOOKMARK [1][-]{section.59}{SourceDistributions/torus\137distribution\1372.0.pro}{}% 59
\BOOKMARK [1][-]{section.60}{loc\137operations\1373.0.pro}{}% 60
\BOOKMARK [1][-]{section.61}{"458locmoon\1371.0.pro}{}% 61
\BOOKMARK [1][-]{section.62}{"458model\137common\137blocks\1373.0.pro}{}% 62
\BOOKMARK [1][-]{section.63}{model\137findpackets\1374.0.pro}{}% 63
\BOOKMARK [1][-]{section.64}{modeldriver\1373.9.pro}{}% 64
\BOOKMARK [1][-]{section.65}{modelstreamlinesB\1373.0.pro}{}% 65
\BOOKMARK [1][-]{section.66}{modelstreamlines\1373.0.pro}{}% 66
\BOOKMARK [1][-]{section.67}{modstreamA\1373.0.pro}{}% 67
\BOOKMARK [1][-]{section.68}{modstreamB\1373.0.pro}{}% 68
\BOOKMARK [1][-]{section.69}{"458planet\137dist\1372.0.pro}{}% 69
